<?xml version="1.0" encoding="UTF-8"?>
<!-- Generated by org.testng.reporters.JUnitReportReporter -->
<testsuite hostname="LAPTOP-5UMCJ8OV" failures="0" tests="1" name="TC001_GET_REQUEST" time="3.890" errors="0" timestamp="2021-03-27T22:00:07 ICT" skipped="0">
  <testcase classname="TC001_GET_REQUEST" name="getDataPosts" time="3.890"/>
  <system-out/>
</testsuite> <!-- TC001_GET_REQUEST -->
