<?xml version="1.0" encoding="UTF-8"?>
<!-- Generated by org.testng.reporters.JUnitReportReporter -->
<testsuite hostname="LAPTOP-5UMCJ8OV" failures="0" tests="1" name="TC002_POST_Request" time="4.601" errors="0" timestamp="2021-03-27T19:45:33 ICT" skipped="0">
  <testcase classname="TC002_POST_Request" name="PostDataSuccess" time="4.601"/>
  <system-out/>
</testsuite> <!-- TC002_POST_Request -->
